c:\_milan\onedrive\_m21\real-time concepts for embedded systems\[06] git-codes\real-time_concepts_for_embedded_systems\assignment_2\exercise_02\freertos\fbs-app\win32-msvc\debug\vc120.pdb
c:\_milan\onedrive\_m21\real-time concepts for embedded systems\[06] git-codes\real-time_concepts_for_embedded_systems\assignment_2\exercise_02\freertos\fbs-app\win32-msvc\debug\vc120.idb
c:\_milan\onedrive\_m21\real-time concepts for embedded systems\[06] git-codes\real-time_concepts_for_embedded_systems\assignment_2\exercise_02\freertos\fbs-app\win32-msvc\debug\croutine.obj
c:\_milan\onedrive\_m21\real-time concepts for embedded systems\[06] git-codes\real-time_concepts_for_embedded_systems\assignment_2\exercise_02\freertos\fbs-app\win32-msvc\debug\event_groups.obj
c:\_milan\onedrive\_m21\real-time concepts for embedded systems\[06] git-codes\real-time_concepts_for_embedded_systems\assignment_2\exercise_02\freertos\fbs-app\win32-msvc\debug\heap_5.obj
c:\_milan\onedrive\_m21\real-time concepts for embedded systems\[06] git-codes\real-time_concepts_for_embedded_systems\assignment_2\exercise_02\freertos\fbs-app\win32-msvc\debug\stream_buffer.obj
c:\_milan\onedrive\_m21\real-time concepts for embedded systems\[06] git-codes\real-time_concepts_for_embedded_systems\assignment_2\exercise_02\freertos\fbs-app\win32-msvc\debug\timers.obj
c:\_milan\onedrive\_m21\real-time concepts for embedded systems\[06] git-codes\real-time_concepts_for_embedded_systems\assignment_2\exercise_02\freertos\fbs-app\win32-msvc\debug\main.obj
c:\_milan\onedrive\_m21\real-time concepts for embedded systems\[06] git-codes\real-time_concepts_for_embedded_systems\assignment_2\exercise_02\freertos\fbs-app\win32-msvc\debug\list.obj
c:\_milan\onedrive\_m21\real-time concepts for embedded systems\[06] git-codes\real-time_concepts_for_embedded_systems\assignment_2\exercise_02\freertos\fbs-app\win32-msvc\debug\port.obj
c:\_milan\onedrive\_m21\real-time concepts for embedded systems\[06] git-codes\real-time_concepts_for_embedded_systems\assignment_2\exercise_02\freertos\fbs-app\win32-msvc\debug\queue.obj
c:\_milan\onedrive\_m21\real-time concepts for embedded systems\[06] git-codes\real-time_concepts_for_embedded_systems\assignment_2\exercise_02\freertos\fbs-app\win32-msvc\debug\tasks.obj
c:\_milan\onedrive\_m21\real-time concepts for embedded systems\[06] git-codes\real-time_concepts_for_embedded_systems\assignment_2\exercise_02\freertos\fbs-app\win32-msvc\debug\main_exercise.obj
c:\_milan\onedrive\_m21\real-time concepts for embedded systems\[06] git-codes\real-time_concepts_for_embedded_systems\assignment_2\exercise_02\freertos\fbs-app\win32-msvc\debug\run-time-stats-utils.obj
c:\_milan\onedrive\_m21\real-time concepts for embedded systems\[06] git-codes\real-time_concepts_for_embedded_systems\assignment_2\exercise_02\freertos\fbs-app\win32-msvc\debug\fbs-app.ilk
c:\_milan\onedrive\_m21\real-time concepts for embedded systems\[06] git-codes\real-time_concepts_for_embedded_systems\assignment_2\exercise_02\freertos\fbs-app\win32-msvc\debug\fbs-app.exe
c:\_milan\onedrive\_m21\real-time concepts for embedded systems\[06] git-codes\real-time_concepts_for_embedded_systems\assignment_2\exercise_02\freertos\fbs-app\win32-msvc\debug\win32.pdb
c:\_milan\onedrive\_m21\real-time concepts for embedded systems\[06] git-codes\real-time_concepts_for_embedded_systems\assignment_2\exercise_02\freertos\fbs-app\win32-msvc\.\debug\fbs-app.exe
c:\_milan\onedrive\_m21\real-time concepts for embedded systems\[06] git-codes\real-time_concepts_for_embedded_systems\assignment_2\exercise_02\freertos\fbs-app\win32-msvc\debug\fbs-app.tlog\cl.command.1.tlog
c:\_milan\onedrive\_m21\real-time concepts for embedded systems\[06] git-codes\real-time_concepts_for_embedded_systems\assignment_2\exercise_02\freertos\fbs-app\win32-msvc\debug\fbs-app.tlog\cl.read.1.tlog
c:\_milan\onedrive\_m21\real-time concepts for embedded systems\[06] git-codes\real-time_concepts_for_embedded_systems\assignment_2\exercise_02\freertos\fbs-app\win32-msvc\debug\fbs-app.tlog\cl.write.1.tlog
c:\_milan\onedrive\_m21\real-time concepts for embedded systems\[06] git-codes\real-time_concepts_for_embedded_systems\assignment_2\exercise_02\freertos\fbs-app\win32-msvc\debug\fbs-app.tlog\link.command.1.tlog
c:\_milan\onedrive\_m21\real-time concepts for embedded systems\[06] git-codes\real-time_concepts_for_embedded_systems\assignment_2\exercise_02\freertos\fbs-app\win32-msvc\debug\fbs-app.tlog\link.read.1.tlog
c:\_milan\onedrive\_m21\real-time concepts for embedded systems\[06] git-codes\real-time_concepts_for_embedded_systems\assignment_2\exercise_02\freertos\fbs-app\win32-msvc\debug\fbs-app.tlog\link.write.1.tlog
