Build started 18-Nov-18 1:35:09 AM.
     1>Project "C:\_Milan\OneDrive\_M21\Real-Time Concepts for Embedded Systems\[06] Git-Codes\Real-Time_Concepts_for_Embedded_Systems\Assignment_2\exercise_02\FreeRTOS\FBS-App\WIN32-MSVC\WIN32.vcxproj" on node 2 (Build target(s)).
     1>ClCompile:
         C:\Program Files (x86)\Microsoft Visual Studio 12.0\VC\bin\CL.exe /c /I..\..\Source\include /I"..\..\Source\portable\MSVC-MingW" /I..\Common\Include /I"..\..\..\FreeRTOS-Plus\Source\FreeRTOS-Plus-Trace\Include" /I.\Trace_Recorder_Configuration /I. /ZI /nologo /Wall /WX- /Od /Oy- /D WIN32 /D _DEBUG /D _CONSOLE /D _WIN32_WINNT=0x0601 /D WINVER=0x400 /D _CRT_SECURE_NO_WARNINGS /D _VC80_UPGRADE=0x0600 /D _MBCS /Gm /EHsc /RTC1 /MTd /GS /fp:precise /Zc:wchar_t /Zc:forScope /Fo".\Debug/" /Fd".\Debug/vc120.pdb" /Gd /TC /wd4820 /wd4668 /wd4255 /wd4710 /analyze- /errorReport:prompt /wd4210 main_exercise.c
         main_exercise.c
     1>c:\_milan\onedrive\_m21\real-time concepts for embedded systems\[06] git-codes\real-time_concepts_for_embedded_systems\assignment_2\exercise_02\freertos\fbs-app\win32-msvc\main_exercise.c(117): warning C4127: conditional expression is constant
     1>c:\_milan\onedrive\_m21\real-time concepts for embedded systems\[06] git-codes\real-time_concepts_for_embedded_systems\assignment_2\exercise_02\freertos\fbs-app\win32-msvc\main_exercise.c(149): warning C4204: nonstandard extension used : non-constant aggregate initializer
     1>c:\_milan\onedrive\_m21\real-time concepts for embedded systems\[06] git-codes\real-time_concepts_for_embedded_systems\assignment_2\exercise_02\freertos\fbs-app\win32-msvc\main_exercise.c(164): warning C4127: conditional expression is constant
     1>c:\_milan\onedrive\_m21\real-time concepts for embedded systems\[06] git-codes\real-time_concepts_for_embedded_systems\assignment_2\exercise_02\freertos\fbs-app\win32-msvc\main_exercise.c(260): warning C4221: nonstandard extension used : 'pWorkerTasks' : cannot be initialized using address of automatic variable 'workerTask_0'
                 c:\_milan\onedrive\_m21\real-time concepts for embedded systems\[06] git-codes\real-time_concepts_for_embedded_systems\assignment_2\exercise_02\freertos\fbs-app\win32-msvc\main_exercise.c(247) : see declaration of 'workerTask_0'
     1>c:\_milan\onedrive\_m21\real-time concepts for embedded systems\[06] git-codes\real-time_concepts_for_embedded_systems\assignment_2\exercise_02\freertos\fbs-app\win32-msvc\main_exercise.c(260): warning C4204: nonstandard extension used : non-constant aggregate initializer
     1>c:\_milan\onedrive\_m21\real-time concepts for embedded systems\[06] git-codes\real-time_concepts_for_embedded_systems\assignment_2\exercise_02\freertos\fbs-app\win32-msvc\main_exercise.c(260): warning C4221: nonstandard extension used : 'pWorkerTasks' : cannot be initialized using address of automatic variable 'workerTask_1'
                 c:\_milan\onedrive\_m21\real-time concepts for embedded systems\[06] git-codes\real-time_concepts_for_embedded_systems\assignment_2\exercise_02\freertos\fbs-app\win32-msvc\main_exercise.c(248) : see declaration of 'workerTask_1'
     1>c:\_milan\onedrive\_m21\real-time concepts for embedded systems\[06] git-codes\real-time_concepts_for_embedded_systems\assignment_2\exercise_02\freertos\fbs-app\win32-msvc\main_exercise.c(260): warning C4221: nonstandard extension used : 'pWorkerTasks' : cannot be initialized using address of automatic variable 'workerTask_2'
                 c:\_milan\onedrive\_m21\real-time concepts for embedded systems\[06] git-codes\real-time_concepts_for_embedded_systems\assignment_2\exercise_02\freertos\fbs-app\win32-msvc\main_exercise.c(249) : see declaration of 'workerTask_2'
     1>c:\_milan\onedrive\_m21\real-time concepts for embedded systems\[06] git-codes\real-time_concepts_for_embedded_systems\assignment_2\exercise_02\freertos\fbs-app\win32-msvc\main_exercise.c(260): warning C4221: nonstandard extension used : 'pWorkerTasks' : cannot be initialized using address of automatic variable 'workerTask_3'
                 c:\_milan\onedrive\_m21\real-time concepts for embedded systems\[06] git-codes\real-time_concepts_for_embedded_systems\assignment_2\exercise_02\freertos\fbs-app\win32-msvc\main_exercise.c(250) : see declaration of 'workerTask_3'
     1>c:\_milan\onedrive\_m21\real-time concepts for embedded systems\[06] git-codes\real-time_concepts_for_embedded_systems\assignment_2\exercise_02\freertos\fbs-app\win32-msvc\main_exercise.c(260): warning C4221: nonstandard extension used : 'pWorkerTasks' : cannot be initialized using address of automatic variable 'workerTask_4'
                 c:\_milan\onedrive\_m21\real-time concepts for embedded systems\[06] git-codes\real-time_concepts_for_embedded_systems\assignment_2\exercise_02\freertos\fbs-app\win32-msvc\main_exercise.c(251) : see declaration of 'workerTask_4'
     1>c:\_milan\onedrive\_m21\real-time concepts for embedded systems\[06] git-codes\real-time_concepts_for_embedded_systems\assignment_2\exercise_02\freertos\fbs-app\win32-msvc\main_exercise.c(260): warning C4221: nonstandard extension used : 'pWorkerTasks' : cannot be initialized using address of automatic variable 'workerTask_5'
                 c:\_milan\onedrive\_m21\real-time concepts for embedded systems\[06] git-codes\real-time_concepts_for_embedded_systems\assignment_2\exercise_02\freertos\fbs-app\win32-msvc\main_exercise.c(252) : see declaration of 'workerTask_5'
                 c:\_milan\onedrive\_m21\real-time concepts for embedded systems\[06] git-codes\real-time_concepts_for_embedded_systems\assignment_2\exercise_02\freertos\fbs-app\win32-msvc\main_exercise.c(247) : see declaration of 'workerTask_0'
                 c:\_milan\onedrive\_m21\real-time concepts for embedded systems\[06] git-codes\real-time_concepts_for_embedded_systems\assignment_2\exercise_02\freertos\fbs-app\win32-msvc\main_exercise.c(248) : see declaration of 'workerTask_1'
                 c:\_milan\onedrive\_m21\real-time concepts for embedded systems\[06] git-codes\real-time_concepts_for_embedded_systems\assignment_2\exercise_02\freertos\fbs-app\win32-msvc\main_exercise.c(251) : see declaration of 'workerTask_4'
                 c:\_milan\onedrive\_m21\real-time concepts for embedded systems\[06] git-codes\real-time_concepts_for_embedded_systems\assignment_2\exercise_02\freertos\fbs-app\win32-msvc\main_exercise.c(249) : see declaration of 'workerTask_2'
                 c:\_milan\onedrive\_m21\real-time concepts for embedded systems\[06] git-codes\real-time_concepts_for_embedded_systems\assignment_2\exercise_02\freertos\fbs-app\win32-msvc\main_exercise.c(250) : see declaration of 'workerTask_3'
                 c:\_milan\onedrive\_m21\real-time concepts for embedded systems\[06] git-codes\real-time_concepts_for_embedded_systems\assignment_2\exercise_02\freertos\fbs-app\win32-msvc\main_exercise.c(247) : see declaration of 'workerTask_0'
                 c:\_milan\onedrive\_m21\real-time concepts for embedded systems\[06] git-codes\real-time_concepts_for_embedded_systems\assignment_2\exercise_02\freertos\fbs-app\win32-msvc\main_exercise.c(248) : see declaration of 'workerTask_1'
                 c:\_milan\onedrive\_m21\real-time concepts for embedded systems\[06] git-codes\real-time_concepts_for_embedded_systems\assignment_2\exercise_02\freertos\fbs-app\win32-msvc\main_exercise.c(251) : see declaration of 'workerTask_4'
       Link:
         C:\Program Files (x86)\Microsoft Visual Studio 12.0\VC\bin\link.exe /ERRORREPORT:PROMPT /OUT:".\Debug/FBS-App.exe" /INCREMENTAL /NOLOGO kernel32.lib user32.lib gdi32.lib winspool.lib comdlg32.lib advapi32.lib shell32.lib ole32.lib oleaut32.lib uuid.lib odbc32.lib odbccp32.lib /MANIFEST /MANIFESTUAC:"level='asInvoker' uiAccess='false'" /manifest:embed /DEBUG /PDB:".\Debug/WIN32.pdb" /SUBSYSTEM:CONSOLE /TLBID:1 /DYNAMICBASE /NXCOMPAT /IMPLIB:".\Debug\FBS-App.lib" /MACHINE:X86 /SAFESEH:NO .\Debug/croutine.obj
         .\Debug/event_groups.obj
         .\Debug/heap_5.obj
         .\Debug/stream_buffer.obj
         .\Debug/timers.obj
         .\Debug/main.obj
         .\Debug/list.obj
         .\Debug/port.obj
         .\Debug/queue.obj
         .\Debug/tasks.obj
         .\Debug/main_exercise.obj
         ".\Debug/Run-time-stats-utils.obj"
         WIN32.vcxproj -> C:\_Milan\OneDrive\_M21\Real-Time Concepts for Embedded Systems\[06] Git-Codes\Real-Time_Concepts_for_Embedded_Systems\Assignment_2\exercise_02\FreeRTOS\FBS-App\WIN32-MSVC\.\Debug\FBS-App.exe
     1>Done Building Project "C:\_Milan\OneDrive\_M21\Real-Time Concepts for Embedded Systems\[06] Git-Codes\Real-Time_Concepts_for_Embedded_Systems\Assignment_2\exercise_02\FreeRTOS\FBS-App\WIN32-MSVC\WIN32.vcxproj" (Build target(s)).

Build succeeded.

Time Elapsed 00:00:02.95
