c:\_milan\projects\real-time concepts for embedded systems\[06] git-codes\real-time_concepts_for_embedded_systems\assignment_5\practical\ipc-app\freertos\rtos_ipc\win32-msvc\debug\vc120.pdb
c:\_milan\projects\real-time concepts for embedded systems\[06] git-codes\real-time_concepts_for_embedded_systems\assignment_5\practical\ipc-app\freertos\rtos_ipc\win32-msvc\debug\vc120.idb
c:\_milan\projects\real-time concepts for embedded systems\[06] git-codes\real-time_concepts_for_embedded_systems\assignment_5\practical\ipc-app\freertos\rtos_ipc\win32-msvc\debug\croutine.obj
c:\_milan\projects\real-time concepts for embedded systems\[06] git-codes\real-time_concepts_for_embedded_systems\assignment_5\practical\ipc-app\freertos\rtos_ipc\win32-msvc\debug\event_groups.obj
c:\_milan\projects\real-time concepts for embedded systems\[06] git-codes\real-time_concepts_for_embedded_systems\assignment_5\practical\ipc-app\freertos\rtos_ipc\win32-msvc\debug\heap_5.obj
c:\_milan\projects\real-time concepts for embedded systems\[06] git-codes\real-time_concepts_for_embedded_systems\assignment_5\practical\ipc-app\freertos\rtos_ipc\win32-msvc\debug\stream_buffer.obj
c:\_milan\projects\real-time concepts for embedded systems\[06] git-codes\real-time_concepts_for_embedded_systems\assignment_5\practical\ipc-app\freertos\rtos_ipc\win32-msvc\debug\timers.obj
c:\_milan\projects\real-time concepts for embedded systems\[06] git-codes\real-time_concepts_for_embedded_systems\assignment_5\practical\ipc-app\freertos\rtos_ipc\win32-msvc\debug\gll.obj
c:\_milan\projects\real-time concepts for embedded systems\[06] git-codes\real-time_concepts_for_embedded_systems\assignment_5\practical\ipc-app\freertos\rtos_ipc\win32-msvc\debug\main.obj
c:\_milan\projects\real-time concepts for embedded systems\[06] git-codes\real-time_concepts_for_embedded_systems\assignment_5\practical\ipc-app\freertos\rtos_ipc\win32-msvc\debug\list.obj
c:\_milan\projects\real-time concepts for embedded systems\[06] git-codes\real-time_concepts_for_embedded_systems\assignment_5\practical\ipc-app\freertos\rtos_ipc\win32-msvc\debug\port.obj
c:\_milan\projects\real-time concepts for embedded systems\[06] git-codes\real-time_concepts_for_embedded_systems\assignment_5\practical\ipc-app\freertos\rtos_ipc\win32-msvc\debug\queue.obj
c:\_milan\projects\real-time concepts for embedded systems\[06] git-codes\real-time_concepts_for_embedded_systems\assignment_5\practical\ipc-app\freertos\rtos_ipc\win32-msvc\debug\tasks.obj
c:\_milan\projects\real-time concepts for embedded systems\[06] git-codes\real-time_concepts_for_embedded_systems\assignment_5\practical\ipc-app\freertos\rtos_ipc\win32-msvc\debug\main_exercise.obj
c:\_milan\projects\real-time concepts for embedded systems\[06] git-codes\real-time_concepts_for_embedded_systems\assignment_5\practical\ipc-app\freertos\rtos_ipc\win32-msvc\debug\run-time-stats-utils.obj
c:\_milan\projects\real-time concepts for embedded systems\[06] git-codes\real-time_concepts_for_embedded_systems\assignment_5\practical\ipc-app\freertos\rtos_ipc\win32-msvc\debug\workertask.obj
c:\_milan\projects\real-time concepts for embedded systems\[06] git-codes\real-time_concepts_for_embedded_systems\assignment_5\practical\ipc-app\freertos\rtos_ipc\win32-msvc\debug\sensortask.obj
c:\_milan\projects\real-time concepts for embedded systems\[06] git-codes\real-time_concepts_for_embedded_systems\assignment_5\practical\ipc-app\freertos\rtos_ipc\win32-msvc\debug\controllertask.obj
c:\_milan\projects\real-time concepts for embedded systems\[06] git-codes\real-time_concepts_for_embedded_systems\assignment_5\practical\ipc-app\freertos\rtos_ipc\win32-msvc\debug\rtos_ipc.ilk
c:\_milan\projects\real-time concepts for embedded systems\[06] git-codes\real-time_concepts_for_embedded_systems\assignment_5\practical\ipc-app\freertos\rtos_ipc\win32-msvc\debug\rtos_ipc.exe
c:\_milan\projects\real-time concepts for embedded systems\[06] git-codes\real-time_concepts_for_embedded_systems\assignment_5\practical\ipc-app\freertos\rtos_ipc\win32-msvc\debug\win32.pdb
c:\_milan\projects\real-time concepts for embedded systems\[06] git-codes\real-time_concepts_for_embedded_systems\assignment_5\practical\ipc-app\freertos\rtos_ipc\win32-msvc\debug\semaphore.obj
c:\_milan\projects\real-time concepts for embedded systems\[06] git-codes\real-time_concepts_for_embedded_systems\assignment_5\practical\ipc-app\freertos\rtos_ipc\win32-msvc\debug\test.obj
c:\_milan\projects\real-time concepts for embedded systems\[06] git-codes\real-time_concepts_for_embedded_systems\assignment_5\practical\ipc-app\freertos\rtos_ipc\win32-msvc\debug\rtos_ipc.tlog\cl.command.1.tlog
c:\_milan\projects\real-time concepts for embedded systems\[06] git-codes\real-time_concepts_for_embedded_systems\assignment_5\practical\ipc-app\freertos\rtos_ipc\win32-msvc\debug\rtos_ipc.tlog\cl.read.1.tlog
c:\_milan\projects\real-time concepts for embedded systems\[06] git-codes\real-time_concepts_for_embedded_systems\assignment_5\practical\ipc-app\freertos\rtos_ipc\win32-msvc\debug\rtos_ipc.tlog\cl.write.1.tlog
c:\_milan\projects\real-time concepts for embedded systems\[06] git-codes\real-time_concepts_for_embedded_systems\assignment_5\practical\ipc-app\freertos\rtos_ipc\win32-msvc\debug\rtos_ipc.tlog\link-cvtres.read.1.tlog
c:\_milan\projects\real-time concepts for embedded systems\[06] git-codes\real-time_concepts_for_embedded_systems\assignment_5\practical\ipc-app\freertos\rtos_ipc\win32-msvc\debug\rtos_ipc.tlog\link-cvtres.write.1.tlog
c:\_milan\projects\real-time concepts for embedded systems\[06] git-codes\real-time_concepts_for_embedded_systems\assignment_5\practical\ipc-app\freertos\rtos_ipc\win32-msvc\debug\rtos_ipc.tlog\link-rc.read.1.tlog
c:\_milan\projects\real-time concepts for embedded systems\[06] git-codes\real-time_concepts_for_embedded_systems\assignment_5\practical\ipc-app\freertos\rtos_ipc\win32-msvc\debug\rtos_ipc.tlog\link-rc.write.1.tlog
c:\_milan\projects\real-time concepts for embedded systems\[06] git-codes\real-time_concepts_for_embedded_systems\assignment_5\practical\ipc-app\freertos\rtos_ipc\win32-msvc\debug\rtos_ipc.tlog\link.10432-cvtres.read.1.tlog
c:\_milan\projects\real-time concepts for embedded systems\[06] git-codes\real-time_concepts_for_embedded_systems\assignment_5\practical\ipc-app\freertos\rtos_ipc\win32-msvc\debug\rtos_ipc.tlog\link.10432-cvtres.write.1.tlog
c:\_milan\projects\real-time concepts for embedded systems\[06] git-codes\real-time_concepts_for_embedded_systems\assignment_5\practical\ipc-app\freertos\rtos_ipc\win32-msvc\debug\rtos_ipc.tlog\link.10432-rc.read.1.tlog
c:\_milan\projects\real-time concepts for embedded systems\[06] git-codes\real-time_concepts_for_embedded_systems\assignment_5\practical\ipc-app\freertos\rtos_ipc\win32-msvc\debug\rtos_ipc.tlog\link.10432-rc.write.1.tlog
c:\_milan\projects\real-time concepts for embedded systems\[06] git-codes\real-time_concepts_for_embedded_systems\assignment_5\practical\ipc-app\freertos\rtos_ipc\win32-msvc\debug\rtos_ipc.tlog\link.10432.read.1.tlog
c:\_milan\projects\real-time concepts for embedded systems\[06] git-codes\real-time_concepts_for_embedded_systems\assignment_5\practical\ipc-app\freertos\rtos_ipc\win32-msvc\debug\rtos_ipc.tlog\link.10432.write.1.tlog
c:\_milan\projects\real-time concepts for embedded systems\[06] git-codes\real-time_concepts_for_embedded_systems\assignment_5\practical\ipc-app\freertos\rtos_ipc\win32-msvc\debug\rtos_ipc.tlog\link.command.1.tlog
c:\_milan\projects\real-time concepts for embedded systems\[06] git-codes\real-time_concepts_for_embedded_systems\assignment_5\practical\ipc-app\freertos\rtos_ipc\win32-msvc\debug\rtos_ipc.tlog\link.read.1.tlog
c:\_milan\projects\real-time concepts for embedded systems\[06] git-codes\real-time_concepts_for_embedded_systems\assignment_5\practical\ipc-app\freertos\rtos_ipc\win32-msvc\debug\rtos_ipc.tlog\link.write.1.tlog
