Build started 15-Jan-19 10:48:12 AM.
     1>Project "C:\_Milan\OneDrive\_M21\Real-Time Concepts for Embedded Systems\[06] Git-Codes\Real-Time_Concepts_for_Embedded_Systems\Assignment_5\Practical\IPC-App\FreeRTOS\RTOS_IPC\WIN32-MSVC\WIN32.vcxproj" on node 2 (Build target(s)).
     1>ClCompile:
         C:\Program Files (x86)\Microsoft Visual Studio 12.0\VC\bin\CL.exe /c /I..\..\Source\include /I"..\..\Source\portable\MSVC-MingW" /I. /ZI /nologo /Wall /WX- /Od /Oy- /D WIN32 /D _DEBUG /D _CONSOLE /D _WIN32_WINNT=0x0601 /D WINVER=0x400 /D _CRT_SECURE_NO_WARNINGS /D _VC80_UPGRADE=0x0600 /D _MBCS /Gm /EHsc /RTC1 /MTd /GS /fp:precise /Zc:wchar_t /Zc:forScope /Fo".\Debug/" /Fd".\Debug/vc120.pdb" /Gd /TC /wd4574 /wd4820 /wd4668 /wd4255 /wd4710 /analyze- /errorReport:prompt /wd4210 /wc4574 main_exercise.c
     1>cl : Command line warning D9002: ignoring unknown option '/wc4574'
         main_exercise.c
     1>c:\_milan\onedrive\_m21\real-time concepts for embedded systems\[06] git-codes\real-time_concepts_for_embedded_systems\assignment_5\practical\ipc-app\freertos\rtos_ipc\win32-msvc\print.h(30): warning C4028: formal parameter 1 different from declaration
     1>c:\_milan\onedrive\_m21\real-time concepts for embedded systems\[06] git-codes\real-time_concepts_for_embedded_systems\assignment_5\practical\ipc-app\freertos\rtos_ipc\win32-msvc\main_exercise.c(68): warning C4005: 'max' : macro redefinition
                 c:\program files (x86)\windows kits\8.1\include\shared\minwindef.h(193) : see previous definition of 'max'
     1>c:\_milan\onedrive\_m21\real-time concepts for embedded systems\[06] git-codes\real-time_concepts_for_embedded_systems\assignment_5\practical\ipc-app\freertos\rtos_ipc\win32-msvc\main_exercise.c(77): warning C4127: conditional expression is constant
     1>c:\_milan\onedrive\_m21\real-time concepts for embedded systems\[06] git-codes\real-time_concepts_for_embedded_systems\assignment_5\practical\ipc-app\freertos\rtos_ipc\win32-msvc\main_exercise.c(103): warning C4127: conditional expression is constant
     1>c:\_milan\onedrive\_m21\real-time concepts for embedded systems\[06] git-codes\real-time_concepts_for_embedded_systems\assignment_5\practical\ipc-app\freertos\rtos_ipc\win32-msvc\main_exercise.c(111): warning C4389: '==' : signed/unsigned mismatch
     1>c:\_milan\onedrive\_m21\real-time concepts for embedded systems\[06] git-codes\real-time_concepts_for_embedded_systems\assignment_5\practical\ipc-app\freertos\rtos_ipc\win32-msvc\main_exercise.c(138): warning C4127: conditional expression is constant
     1>c:\_milan\onedrive\_m21\real-time concepts for embedded systems\[06] git-codes\real-time_concepts_for_embedded_systems\assignment_5\practical\ipc-app\freertos\rtos_ipc\win32-msvc\main_exercise.c(159): warning C4127: conditional expression is constant
     1>c:\_milan\onedrive\_m21\real-time concepts for embedded systems\[06] git-codes\real-time_concepts_for_embedded_systems\assignment_5\practical\ipc-app\freertos\rtos_ipc\win32-msvc\main_exercise.c(180): warning C4127: conditional expression is constant
     1>c:\_milan\onedrive\_m21\real-time concepts for embedded systems\[06] git-codes\real-time_concepts_for_embedded_systems\assignment_5\practical\ipc-app\freertos\rtos_ipc\win32-msvc\main_exercise.c(212): warning C4127: conditional expression is constant
       Link:
         C:\Program Files (x86)\Microsoft Visual Studio 12.0\VC\bin\link.exe /ERRORREPORT:PROMPT /OUT:".\Debug\RTOS_IPC.exe" /INCREMENTAL /NOLOGO kernel32.lib user32.lib gdi32.lib winspool.lib comdlg32.lib advapi32.lib shell32.lib ole32.lib oleaut32.lib uuid.lib odbc32.lib odbccp32.lib /MANIFEST /MANIFESTUAC:"level='asInvoker' uiAccess='false'" /manifest:embed /DEBUG /PDB:".\Debug/WIN32.pdb" /SUBSYSTEM:CONSOLE /TLBID:1 /DYNAMICBASE /NXCOMPAT /IMPLIB:".\Debug\RTOS_IPC.lib" /MACHINE:X86 /SAFESEH:NO .\Debug/croutine.obj
         .\Debug/event_groups.obj
         .\Debug/heap_5.obj
         .\Debug/stream_buffer.obj
         .\Debug/timers.obj
         .\Debug/gll.obj
         .\Debug/main.obj
         .\Debug/list.obj
         .\Debug/port.obj
         .\Debug/queue.obj
         .\Debug/tasks.obj
         .\Debug/main_exercise.obj
         ".\Debug/Run-time-stats-utils.obj"
         .\Debug/semaphore.obj
         .\Debug/test.obj
         .\Debug/workerTask.obj
         WIN32.vcxproj -> C:\_Milan\OneDrive\_M21\Real-Time Concepts for Embedded Systems\[06] Git-Codes\Real-Time_Concepts_for_Embedded_Systems\Assignment_5\Practical\IPC-App\FreeRTOS\RTOS_IPC\WIN32-MSVC\.\Debug\RTOS_IPC.exe
     1>Done Building Project "C:\_Milan\OneDrive\_M21\Real-Time Concepts for Embedded Systems\[06] Git-Codes\Real-Time_Concepts_for_Embedded_Systems\Assignment_5\Practical\IPC-App\FreeRTOS\RTOS_IPC\WIN32-MSVC\WIN32.vcxproj" (Build target(s)).

Build succeeded.

Time Elapsed 00:00:03.23
